<testsuites tests="179" skipped="138">
	<testsuite name="kpt.dev/configsync/e2e" tests="0" failures="0" errors="0" id="0" hostname="b60fa88d-7c82-11ed-a95d-4a3f9da110ce" time="0.000" timestamp="2022-12-15T15:24:51Z"></testsuite>
	<testsuite name="kpt.dev/configsync/e2e/nomostest" tests="0" failures="0" errors="0" id="1" hostname="b60fa88d-7c82-11ed-a95d-4a3f9da110ce" time="0.000" timestamp="2022-12-15T15:24:51Z"></testsuite>
	<testsuite name="kpt.dev/configsync/e2e/nomostest/docker" tests="0" failures="0" errors="0" id="2" hostname="b60fa88d-7c82-11ed-a95d-4a3f9da110ce" time="0.000" timestamp="2022-12-15T15:24:51Z"></testsuite>
	<testsuite name="kpt.dev/configsync/e2e/nomostest/gitproviders" tests="0" failures="0" errors="0" id="3" hostname="b60fa88d-7c82-11ed-a95d-4a3f9da110ce" time="0.000" timestamp="2022-12-15T15:24:51Z"></testsuite>
	<testsuite name="kpt.dev/configsync/e2e/nomostest/metrics" tests="0" failures="0" errors="0" id="4" hostname="b60fa88d-7c82-11ed-a95d-4a3f9da110ce" time="0.000" timestamp="2022-12-15T15:24:51Z"></testsuite>
	<testsuite name="kpt.dev/configsync/e2e/nomostest/ntopts" tests="0" failures="0" errors="0" id="5" hostname="b60fa88d-7c82-11ed-a95d-4a3f9da110ce" time="0.000" timestamp="2022-12-15T15:24:51Z"></testsuite>
	<testsuite name="kpt.dev/configsync/e2e/nomostest/policy" tests="0" failures="0" errors="0" id="6" hostname="b60fa88d-7c82-11ed-a95d-4a3f9da110ce" time="0.000" timestamp="2022-12-15T15:24:51Z"></testsuite>
	<testsuite name="kpt.dev/configsync/e2e/nomostest/testing" tests="0" failures="0" errors="0" id="7" hostname="b60fa88d-7c82-11ed-a95d-4a3f9da110ce" time="0.000" timestamp="2022-12-15T15:24:51Z"></testsuite>
	<testsuite name="kpt.dev/configsync/e2e/testcases" tests="179" failures="0" errors="0" id="8" hostname="b60fa88d-7c82-11ed-a95d-4a3f9da110ce" skipped="138" time="3828.920" timestamp="2022-12-15T15:24:51Z">
		<testcase name="TestAcmeCorpRepo" classname="kpt.dev/configsync/e2e/testcases" time="0.000">
			<skipped message="Skipped"><![CDATA[    acme_test.go:46: Skip the test because the feature "reconciliation-1" is not included in the test-features flag "acm-controller,nomos-cli,override-api"]]></skipped>
		</testcase>
		<testcase name="TestObjectInCMSNamespace" classname="kpt.dev/configsync/e2e/testcases" time="0.000">
			<skipped message="Skipped"><![CDATA[    acme_test.go:180: Skip the test because the feature "reconciliation-1" is not included in the test-features flag "acm-controller,nomos-cli,override-api"]]></skipped>
		</testcase>
		<testcase name="TestAdmission" classname="kpt.dev/configsync/e2e/testcases" time="0.000">
			<skipped message="Skipped"><![CDATA[    admission_test.go:37: Skip the test because the feature "drift-control" is not included in the test-features flag "acm-controller,nomos-cli,override-api"]]></skipped>
		</testcase>
		<testcase name="TestDisableWebhookConfigurationUpdate" classname="kpt.dev/configsync/e2e/testcases" time="0.000">
			<skipped message="Skipped"><![CDATA[    admission_test.go:155: Skip the test because the feature "drift-control" is not included in the test-features flag "acm-controller,nomos-cli,override-api"]]></skipped>
		</testcase>
		<testcase name="TestAdoptClientSideAppliedResource" classname="kpt.dev/configsync/e2e/testcases" time="0.000">
			<skipped message="Skipped"><![CDATA[    adopt_client_side_applied_test.go:31: Skip the test because the feature "drift-control" is not included in the test-features flag "acm-controller,nomos-cli,override-api"]]></skipped>
		</testcase>
		<testcase name="TestCreateAPIServiceAndEndpointInTheSameCommit" classname="kpt.dev/configsync/e2e/testcases" time="0.000">
			<skipped message="Skipped"><![CDATA[    apiservice_test.go:36: Skip the test because the feature "reconciliation-1" is not included in the test-features flag "acm-controller,nomos-cli,override-api"]]></skipped>
		</testcase>
		<testcase name="TestImporterAndSyncerResilientToFlakyAPIService" classname="kpt.dev/configsync/e2e/testcases" time="0.000">
			<skipped message="Skipped"><![CDATA[    apiservice_test.go:70: Skip the test because the feature "reconciliation-1" is not included in the test-features flag "acm-controller,nomos-cli,override-api"]]></skipped>
		</testcase>
		<testcase name="TestApplyScopedResources" classname="kpt.dev/configsync/e2e/testcases" time="0.000">
			<skipped message="Skipped"><![CDATA[    apply_scoped_resource_test.go:31: Skip the test because the feature "reconciliation-1" is not included in the test-features flag "acm-controller,nomos-cli,override-api"]]></skipped>
		</testcase>
		<testcase name="TestNamespaceGarbageCollection" classname="kpt.dev/configsync/e2e/testcases" time="0.000">
			<skipped message="Skipped"><![CDATA[    basic_test.go:37: Skip the test because the feature "reconciliation-2" is not included in the test-features flag "acm-controller,nomos-cli,override-api"]]></skipped>
		</testcase>
		<testcase name="TestNamespacePolicyspaceConversion" classname="kpt.dev/configsync/e2e/testcases" time="0.000">
			<skipped message="Skipped"><![CDATA[    basic_test.go:57: Skip the test because the feature "reconciliation-2" is not included in the test-features flag "acm-controller,nomos-cli,override-api"]]></skipped>
		</testcase>
		<testcase name="TestSyncDeploymentAndReplicaSet" classname="kpt.dev/configsync/e2e/testcases" time="0.000">
			<skipped message="Skipped"><![CDATA[    basic_test.go:82: Skip the test because the feature "reconciliation-2" is not included in the test-features flag "acm-controller,nomos-cli,override-api"]]></skipped>
		</testcase>
		<testcase name="TestRolebindingsUpdated" classname="kpt.dev/configsync/e2e/testcases" time="0.000">
			<skipped message="Skipped"><![CDATA[    basic_test.go:130: Skip the test because the feature "reconciliation-2" is not included in the test-features flag "acm-controller,nomos-cli,override-api"]]></skipped>
		</testcase>
		<testcase name="TestNamespaceDefaultCanBeManaged" classname="kpt.dev/configsync/e2e/testcases" time="0.000">
			<skipped message="Skipped"><![CDATA[    basic_test.go:203: Skip the test because the feature "reconciliation-2" is not included in the test-features flag "acm-controller,nomos-cli,override-api"]]></skipped>
		</testcase>
		<testcase name="TestNamespaceGatekeeperSystemCanBeManaged" classname="kpt.dev/configsync/e2e/testcases" time="0.000">
			<skipped message="Skipped"><![CDATA[    basic_test.go:209: Skip the test because the feature "reconciliation-2" is not included in the test-features flag "acm-controller,nomos-cli,override-api"]]></skipped>
		</testcase>
		<testcase name="TestNamespaceKubeSystemCanBeManaged" classname="kpt.dev/configsync/e2e/testcases" time="0.000">
			<skipped message="Skipped"><![CDATA[    basic_test.go:216: Skip the test because the feature "reconciliation-2" is not included in the test-features flag "acm-controller,nomos-cli,override-api"]]></skipped>
		</testcase>
		<testcase name="TestNamespaceKubePublicCanBeManaged" classname="kpt.dev/configsync/e2e/testcases" time="0.000">
			<skipped message="Skipped"><![CDATA[    basic_test.go:222: Skip the test because the feature "reconciliation-2" is not included in the test-features flag "acm-controller,nomos-cli,override-api"]]></skipped>
		</testcase>
		<testcase name="TestNomosInitVet" classname="kpt.dev/configsync/e2e/testcases" time="0.120"></testcase>
		<testcase name="TestNomosInitHydrate" classname="kpt.dev/configsync/e2e/testcases" time="0.300"></testcase>
		<testcase name="TestNomosHydrateWithClusterSelectorsHierarchical" classname="kpt.dev/configsync/e2e/testcases" time="2.610"></testcase>
		<testcase name="TestNomosHydrateWithClusterSelectorsDefaultSourceFormat" classname="kpt.dev/configsync/e2e/testcases" time="2.550"></testcase>
		<testcase name="TestNomosHydrateWithClusterSelectorsUnstructured" classname="kpt.dev/configsync/e2e/testcases" time="2.530"></testcase>
		<testcase name="TestSyncFromNomosHydrateOutputYAMLDir" classname="kpt.dev/configsync/e2e/testcases" time="96.140"></testcase>
		<testcase name="TestSyncFromNomosHydrateOutputJSONDir" classname="kpt.dev/configsync/e2e/testcases" time="90.910"></testcase>
		<testcase name="TestSyncFromNomosHydrateHierarchicalOutputWithClusterSelectorJSONFlat" classname="kpt.dev/configsync/e2e/testcases" time="88.890"></testcase>
		<testcase name="TestSyncFromNomosHydrateUnstructuredOutputWithClusterSelectorJSONFlat" classname="kpt.dev/configsync/e2e/testcases" time="68.320"></testcase>
		<testcase name="TestSyncFromNomosHydrateHierarchicalOutputWithClusterSelectorYAMLFlat" classname="kpt.dev/configsync/e2e/testcases" time="127.130"></testcase>
		<testcase name="TestSyncFromNomosHydrateUnstructuredOutputWithClusterSelectorYAMLFlat" classname="kpt.dev/configsync/e2e/testcases" time="68.420"></testcase>
		<testcase name="TestNomosHydrateWithUnknownScopedObject" classname="kpt.dev/configsync/e2e/testcases" time="1.990"></testcase>
		<testcase name="TestNomosHydrateAndVetDryRepos/invalid_output_format" classname="kpt.dev/configsync/e2e/testcases" time="0.100"></testcase>
		<testcase name="TestNomosHydrateAndVetDryRepos/must_use_&#39;unstructured&#39;_format_for_DRY_repos" classname="kpt.dev/configsync/e2e/testcases" time="0.090"></testcase>
		<testcase name="TestNomosHydrateAndVetDryRepos/hydrate_error:_a_DRY_repo_without_kustomization.yaml" classname="kpt.dev/configsync/e2e/testcases" time="0.110"></testcase>
		<testcase name="TestNomosHydrateAndVetDryRepos/hydrate_error:_deprecated_Group_and_Kind" classname="kpt.dev/configsync/e2e/testcases" time="3.760"></testcase>
		<testcase name="TestNomosHydrateAndVetDryRepos/hydrate_error:_duplicate_resources" classname="kpt.dev/configsync/e2e/testcases" time="1.290"></testcase>
		<testcase name="TestNomosHydrateAndVetDryRepos/hydrate_a_DRY_repo_with_helm_components" classname="kpt.dev/configsync/e2e/testcases" time="1.580"></testcase>
		<testcase name="TestNomosHydrateAndVetDryRepos/hydrate_a_DRY_repo_with_kustomize_components" classname="kpt.dev/configsync/e2e/testcases" time="0.480"></testcase>
		<testcase name="TestNomosHydrateAndVetDryRepos/hydrate_a_DRY_repo_with_helm_overlay" classname="kpt.dev/configsync/e2e/testcases" time="3.150"></testcase>
		<testcase name="TestNomosHydrateAndVetDryRepos/hydrate_a_DRY_repo_with_remote_base" classname="kpt.dev/configsync/e2e/testcases" time="1.160"></testcase>
		<testcase name="TestNomosHydrateAndVetDryRepos/hydrate_a_DRY_repo_with_relative_path" classname="kpt.dev/configsync/e2e/testcases" time="0.420"></testcase>
		<testcase name="TestNomosHydrateAndVetDryRepos/hydrate_a_WET_repo" classname="kpt.dev/configsync/e2e/testcases" time="0.100"></testcase>
		<testcase name="TestNomosVetNamespaceRepo/nomos_vet_a_namespace_repo_should_fail_when_source-format_is_set_to_hierarchy" classname="kpt.dev/configsync/e2e/testcases" time="0.050"></testcase>
		<testcase name="TestNomosVetNamespaceRepo/nomos_vet_should_automatically_validate_a_namespace_repo_with_the_unstructured_mode_if_source-format_is_not_set" classname="kpt.dev/configsync/e2e/testcases" time="0.050"></testcase>
		<testcase name="TestNomosVetNamespaceRepo/nomos_vet_should_automatically_validate_a_namespace_repo_with_the_unstructured_mode_if_source-format_is_set_to_unstructured" classname="kpt.dev/configsync/e2e/testcases" time="0.050"></testcase>
		<testcase name="TestNomosVetNamespaceRepo/nomos_vet_should_validate_a_DRY_namespace_repo" classname="kpt.dev/configsync/e2e/testcases" time="0.190"></testcase>
		<testcase name="TestCLIBugreportNomosRunningCorrectly" classname="kpt.dev/configsync/e2e/testcases" time="57.790"></testcase>
		<testcase name="TestRevertClusterRole" classname="kpt.dev/configsync/e2e/testcases" time="0.000">
			<skipped message="Skipped"><![CDATA[    cluster_resources_test.go:71: Skip the test because the feature "drift-control" is not included in the test-features flag "acm-controller,nomos-cli,override-api"]]></skipped>
		</testcase>
		<testcase name="TestClusterRoleLifecycle" classname="kpt.dev/configsync/e2e/testcases" time="0.000">
			<skipped message="Skipped"><![CDATA[    cluster_resources_test.go:151: Skip the test because the feature "reconciliation-1" is not included in the test-features flag "acm-controller,nomos-cli,override-api"]]></skipped>
		</testcase>
		<testcase name="TestTargetingDifferentResourceQuotasToDifferentClusters" classname="kpt.dev/configsync/e2e/testcases" time="0.000">
			<skipped message="Skipped"><![CDATA[    cluster_selectors_test.go:103: Skip the test because the feature "cluster-selector" is not included in the test-features flag "acm-controller,nomos-cli,override-api"]]></skipped>
		</testcase>
		<testcase name="TestClusterSelectorOnObjects" classname="kpt.dev/configsync/e2e/testcases" time="0.000">
			<skipped message="Skipped"><![CDATA[    cluster_selectors_test.go:165: Skip the test because the feature "cluster-selector" is not included in the test-features flag "acm-controller,nomos-cli,override-api"]]></skipped>
		</testcase>
		<testcase name="TestClusterSelectorOnNamespaces" classname="kpt.dev/configsync/e2e/testcases" time="0.000">
			<skipped message="Skipped"><![CDATA[    cluster_selectors_test.go:239: Skip the test because the feature "cluster-selector" is not included in the test-features flag "acm-controller,nomos-cli,override-api"]]></skipped>
		</testcase>
		<testcase name="TestObjectReactsToChangeInInlineClusterSelector" classname="kpt.dev/configsync/e2e/testcases" time="0.000">
			<skipped message="Skipped"><![CDATA[    cluster_selectors_test.go:415: Skip the test because the feature "cluster-selector" is not included in the test-features flag "acm-controller,nomos-cli,override-api"]]></skipped>
		</testcase>
		<testcase name="TestObjectReactsToChangeInLegacyClusterSelector" classname="kpt.dev/configsync/e2e/testcases" time="0.000">
			<skipped message="Skipped"><![CDATA[    cluster_selectors_test.go:447: Skip the test because the feature "cluster-selector" is not included in the test-features flag "acm-controller,nomos-cli,override-api"]]></skipped>
		</testcase>
		<testcase name="TestImporterIgnoresNonSelectedCustomResources" classname="kpt.dev/configsync/e2e/testcases" time="0.000">
			<skipped message="Skipped"><![CDATA[    cluster_selectors_test.go:486: Skip the test because the feature "cluster-selector" is not included in the test-features flag "acm-controller,nomos-cli,override-api"]]></skipped>
		</testcase>
		<testcase name="TestClusterSelectorOnNamespaceRepos" classname="kpt.dev/configsync/e2e/testcases" time="0.000">
			<skipped message="Skipped"><![CDATA[    cluster_selectors_test.go:518: Skip the test because the feature "cluster-selector" is not included in the test-features flag "acm-controller,nomos-cli,override-api"]]></skipped>
		</testcase>
		<testcase name="TestInlineClusterSelectorFormat" classname="kpt.dev/configsync/e2e/testcases" time="0.000">
			<skipped message="Skipped"><![CDATA[    cluster_selectors_test.go:565: Skip the test because the feature "cluster-selector" is not included in the test-features flag "acm-controller,nomos-cli,override-api"]]></skipped>
		</testcase>
		<testcase name="TestClusterSelectorAnnotationConflicts" classname="kpt.dev/configsync/e2e/testcases" time="0.000">
			<skipped message="Skipped"><![CDATA[    cluster_selectors_test.go:648: Skip the test because the feature "cluster-selector" is not included in the test-features flag "acm-controller,nomos-cli,override-api"]]></skipped>
		</testcase>
		<testcase name="TestClusterSelectorForCRD" classname="kpt.dev/configsync/e2e/testcases" time="0.000">
			<skipped message="Skipped"><![CDATA[    cluster_selectors_test.go:672: Skip the test because the feature "cluster-selector" is not included in the test-features flag "acm-controller,nomos-cli,override-api"]]></skipped>
		</testcase>
		<testcase name="TestComposition" classname="kpt.dev/configsync/e2e/testcases" time="0.000">
			<skipped message="Skipped"><![CDATA[    composition_test.go:74: Skip the test because the feature "multi-repos" is not included in the test-features flag "acm-controller,nomos-cli,override-api"]]></skipped>
		</testcase>
		<testcase name="TestGCENode" classname="kpt.dev/configsync/e2e/testcases" time="0.000">
			<skipped message="Skipped"><![CDATA[    csr_auth_test.go:60: Skip the test because the feature "sync-source" is not included in the test-features flag "acm-controller,nomos-cli,override-api"]]></skipped>
		</testcase>
		<testcase name="TestGKEWorkloadIdentity" classname="kpt.dev/configsync/e2e/testcases" time="0.000">
			<skipped message="Skipped"><![CDATA[    csr_auth_test.go:229: Skip the test because the feature "workload-identity" is not included in the test-features flag "acm-controller,nomos-cli,override-api"]]></skipped>
		</testcase>
		<testcase name="TestFleetWISameProject" classname="kpt.dev/configsync/e2e/testcases" time="0.000">
			<skipped message="Skipped"><![CDATA[    csr_auth_test.go:229: Skip the test because the feature "workload-identity" is not included in the test-features flag "acm-controller,nomos-cli,override-api"]]></skipped>
		</testcase>
		<testcase name="TestFleetWIDifferentProject" classname="kpt.dev/configsync/e2e/testcases" time="0.000">
			<skipped message="Skipped"><![CDATA[    csr_auth_test.go:229: Skip the test because the feature "workload-identity" is not included in the test-features flag "acm-controller,nomos-cli,override-api"]]></skipped>
		</testcase>
		<testcase name="TestChangeCustomResourceDefinitionSchema" classname="kpt.dev/configsync/e2e/testcases" time="0.000">
			<skipped message="Skipped"><![CDATA[    custom_resource_definitions_schema_test.go:31: Skip the test because the feature "reconciliation-1" is not included in the test-features flag "acm-controller,nomos-cli,override-api"]]></skipped>
		</testcase>
		<testcase name="TestMustRemoveCustomResourceWithDefinitionV1Beta1" classname="kpt.dev/configsync/e2e/testcases" time="0.000">
			<skipped message="Skipped"><![CDATA[    custom_resource_definitions_test.go:115: Skip the test because the feature "reconciliation-1" is not included in the test-features flag "acm-controller,nomos-cli,override-api"]]></skipped>
		</testcase>
		<testcase name="TestMustRemoveCustomResourceWithDefinitionV1" classname="kpt.dev/configsync/e2e/testcases" time="0.000">
			<skipped message="Skipped"><![CDATA[    custom_resource_definitions_test.go:126: Skip the test because the feature "reconciliation-1" is not included in the test-features flag "acm-controller,nomos-cli,override-api"]]></skipped>
		</testcase>
		<testcase name="TestAddAndRemoveCustomResourceV1" classname="kpt.dev/configsync/e2e/testcases" time="0.000">
			<skipped message="Skipped"><![CDATA[    custom_resource_definitions_test.go:182: Skip the test because the feature "reconciliation-1" is not included in the test-features flag "acm-controller,nomos-cli,override-api"]]></skipped>
		</testcase>
		<testcase name="TestAddAndRemoveCustomResourceV1Beta1" classname="kpt.dev/configsync/e2e/testcases" time="0.000">
			<skipped message="Skipped"><![CDATA[    custom_resource_definitions_test.go:187: Skip the test because the feature "reconciliation-1" is not included in the test-features flag "acm-controller,nomos-cli,override-api"]]></skipped>
		</testcase>
		<testcase name="TestMustRemoveUnManagedCustomResourceV1" classname="kpt.dev/configsync/e2e/testcases" time="0.000">
			<skipped message="Skipped"><![CDATA[    custom_resource_definitions_test.go:245: Skip the test because the feature "reconciliation-1" is not included in the test-features flag "acm-controller,nomos-cli,override-api"]]></skipped>
		</testcase>
		<testcase name="TestMustRemoveUnManagedCustomResourceV1Beta1" classname="kpt.dev/configsync/e2e/testcases" time="0.000">
			<skipped message="Skipped"><![CDATA[    custom_resource_definitions_test.go:250: Skip the test because the feature "reconciliation-1" is not included in the test-features flag "acm-controller,nomos-cli,override-api"]]></skipped>
		</testcase>
		<testcase name="TestAddUpdateRemoveClusterScopedCRDV1" classname="kpt.dev/configsync/e2e/testcases" time="0.000">
			<skipped message="Skipped"><![CDATA[    custom_resource_definitions_test.go:340: Skip the test because the feature "reconciliation-1" is not included in the test-features flag "acm-controller,nomos-cli,override-api"]]></skipped>
		</testcase>
		<testcase name="TestAddUpdateRemoveClusterScopedCRDV1Beta1" classname="kpt.dev/configsync/e2e/testcases" time="0.000">
			<skipped message="Skipped"><![CDATA[    custom_resource_definitions_test.go:345: Skip the test because the feature "reconciliation-1" is not included in the test-features flag "acm-controller,nomos-cli,override-api"]]></skipped>
		</testcase>
		<testcase name="TestAddUpdateNamespaceScopedCRDV1" classname="kpt.dev/configsync/e2e/testcases" time="0.000">
			<skipped message="Skipped"><![CDATA[    custom_resource_definitions_test.go:446: Skip the test because the feature "reconciliation-1" is not included in the test-features flag "acm-controller,nomos-cli,override-api"]]></skipped>
		</testcase>
		<testcase name="TestAddUpdateNamespaceScopedCRDV1Beta1" classname="kpt.dev/configsync/e2e/testcases" time="0.000">
			<skipped message="Skipped"><![CDATA[    custom_resource_definitions_test.go:451: Skip the test because the feature "reconciliation-1" is not included in the test-features flag "acm-controller,nomos-cli,override-api"]]></skipped>
		</testcase>
		<testcase name="TestLargeCRD" classname="kpt.dev/configsync/e2e/testcases" time="0.000">
			<skipped message="Skipped"><![CDATA[    custom_resource_definitions_test.go:462: Skip the test because the feature "reconciliation-1" is not included in the test-features flag "acm-controller,nomos-cli,override-api"]]></skipped>
		</testcase>
		<testcase name="TestCRDDeleteBeforeRemoveCustomResourceV1Beta1" classname="kpt.dev/configsync/e2e/testcases" time="0.000">
			<skipped message="Skipped"><![CDATA[    custom_resources_test.go:36: Skip the test because the feature "reconciliation-1" is not included in the test-features flag "acm-controller,nomos-cli,override-api"]]></skipped>
		</testcase>
		<testcase name="TestCRDDeleteBeforeRemoveCustomResourceV1" classname="kpt.dev/configsync/e2e/testcases" time="0.000">
			<skipped message="Skipped"><![CDATA[    custom_resources_test.go:130: Skip the test because the feature "reconciliation-1" is not included in the test-features flag "acm-controller,nomos-cli,override-api"]]></skipped>
		</testcase>
		<testcase name="TestSyncUpdateCustomResource" classname="kpt.dev/configsync/e2e/testcases" time="0.000">
			<skipped message="Skipped"><![CDATA[    custom_resources_test.go:215: Skip the test because the feature "reconciliation-1" is not included in the test-features flag "acm-controller,nomos-cli,override-api"]]></skipped>
		</testcase>
		<testcase name="TestDeclaredFieldsPod" classname="kpt.dev/configsync/e2e/testcases" time="0.000">
			<skipped message="Skipped"><![CDATA[    declared_fields_test.go:31: Skip the test because the feature "reconciliation-1" is not included in the test-features flag "acm-controller,nomos-cli,override-api"]]></skipped>
		</testcase>
		<testcase name="TestConstraintTemplateAndConstraintInSameCommit" classname="kpt.dev/configsync/e2e/testcases" time="0.000">
			<skipped message="Skipped"><![CDATA[    gatekeeper_test.go:53: Skip the test because the feature "reconciliation-1" is not included in the test-features flag "acm-controller,nomos-cli,override-api"]]></skipped>
		</testcase>
		<testcase name="TestPublicHelm" classname="kpt.dev/configsync/e2e/testcases" time="0.000">
			<skipped message="Skipped"><![CDATA[    helm_sync_test.go:53: Skip the test because the feature "sync-source" is not included in the test-features flag "acm-controller,nomos-cli,override-api"]]></skipped>
		</testcase>
		<testcase name="TestHelmNamespaceRepo" classname="kpt.dev/configsync/e2e/testcases" time="0.000">
			<skipped message="Skipped"><![CDATA[    helm_sync_test.go:127: Skip the test because the feature "sync-source" is not included in the test-features flag "acm-controller,nomos-cli,override-api"]]></skipped>
		</testcase>
		<testcase name="TestHelmARFleetWISameProject" classname="kpt.dev/configsync/e2e/testcases" time="0.000">
			<skipped message="Skipped"><![CDATA[    csr_auth_test.go:229: Skip the test because the feature "workload-identity" is not included in the test-features flag "acm-controller,nomos-cli,override-api"]]></skipped>
		</testcase>
		<testcase name="TestHelmARFleetWIDifferentProject" classname="kpt.dev/configsync/e2e/testcases" time="0.000">
			<skipped message="Skipped"><![CDATA[    csr_auth_test.go:229: Skip the test because the feature "workload-identity" is not included in the test-features flag "acm-controller,nomos-cli,override-api"]]></skipped>
		</testcase>
		<testcase name="TestHelmARGKEWorkloadIdentity" classname="kpt.dev/configsync/e2e/testcases" time="0.000">
			<skipped message="Skipped"><![CDATA[    csr_auth_test.go:229: Skip the test because the feature "workload-identity" is not included in the test-features flag "acm-controller,nomos-cli,override-api"]]></skipped>
		</testcase>
		<testcase name="TestHelmGCENode" classname="kpt.dev/configsync/e2e/testcases" time="0.000">
			<skipped message="Skipped"><![CDATA[    helm_sync_test.go:263: Skip the test because the feature "sync-source" is not included in the test-features flag "acm-controller,nomos-cli,override-api"]]></skipped>
		</testcase>
		<testcase name="TestHelmARTokenAuth" classname="kpt.dev/configsync/e2e/testcases" time="0.000">
			<skipped message="Skipped"><![CDATA[    helm_sync_test.go:291: Skip the test because the feature "sync-source" is not included in the test-features flag "acm-controller,nomos-cli,override-api"]]></skipped>
		</testcase>
		<testcase name="TestHydrateKustomizeComponents" classname="kpt.dev/configsync/e2e/testcases" time="0.000">
			<skipped message="Skipped"><![CDATA[    hydration_test.go:50: Skip the test because the feature "hydration" is not included in the test-features flag "acm-controller,nomos-cli,override-api"]]></skipped>
		</testcase>
		<testcase name="TestHydrateHelmComponents" classname="kpt.dev/configsync/e2e/testcases" time="0.000">
			<skipped message="Skipped"><![CDATA[    hydration_test.go:115: Skip the test because the feature "hydration" is not included in the test-features flag "acm-controller,nomos-cli,override-api"]]></skipped>
		</testcase>
		<testcase name="TestHydrateHelmOverlay" classname="kpt.dev/configsync/e2e/testcases" time="0.000">
			<skipped message="Skipped"><![CDATA[    hydration_test.go:199: Skip the test because the feature "hydration" is not included in the test-features flag "acm-controller,nomos-cli,override-api"]]></skipped>
		</testcase>
		<testcase name="TestHydrateRemoteResources" classname="kpt.dev/configsync/e2e/testcases" time="0.000">
			<skipped message="Skipped"><![CDATA[    hydration_test.go:293: Skip the test because the feature "hydration" is not included in the test-features flag "acm-controller,nomos-cli,override-api"]]></skipped>
		</testcase>
		<testcase name="TestHydrateResourcesInRelativePath" classname="kpt.dev/configsync/e2e/testcases" time="0.000">
			<skipped message="Skipped"><![CDATA[    hydration_test.go:363: Skip the test because the feature "hydration" is not included in the test-features flag "acm-controller,nomos-cli,override-api"]]></skipped>
		</testcase>
		<testcase name="TestInvalidRootSyncBranchStatus" classname="kpt.dev/configsync/e2e/testcases" time="0.000">
			<skipped message="Skipped"><![CDATA[    invalid_git_branch_test.go:31: Skip the test because the feature "sync-source" is not included in the test-features flag "acm-controller,nomos-cli,override-api"]]></skipped>
		</testcase>
		<testcase name="TestInvalidRepoSyncBranchStatus" classname="kpt.dev/configsync/e2e/testcases" time="0.000">
			<skipped message="Skipped"><![CDATA[    invalid_git_branch_test.go:60: Skip the test because the feature "sync-source" is not included in the test-features flag "acm-controller,nomos-cli,override-api"]]></skipped>
		</testcase>
		<testcase name="TestSyncFailureAfterSuccessfulSyncs" classname="kpt.dev/configsync/e2e/testcases" time="0.000">
			<skipped message="Skipped"><![CDATA[    invalid_git_branch_test.go:97: Skip the test because the feature "sync-source" is not included in the test-features flag "acm-controller,nomos-cli,override-api"]]></skipped>
		</testcase>
		<testcase name="TestKCCResourcesOnCSR" classname="kpt.dev/configsync/e2e/testcases" time="0.000">
			<skipped message="Skipped"><![CDATA[    kcc_test.go:38: Skip the test because the feature "sync-source" is not included in the test-features flag "acm-controller,nomos-cli,override-api"]]></skipped>
		</testcase>
		<testcase name="TestIgnoreKptfiles" classname="kpt.dev/configsync/e2e/testcases" time="0.000">
			<skipped message="Skipped"><![CDATA[    kptfile_test.go:28: Skip the test because the feature "reconciliation-1" is not included in the test-features flag "acm-controller,nomos-cli,override-api"]]></skipped>
		</testcase>
		<testcase name="TestPreventDeletionNamespace" classname="kpt.dev/configsync/e2e/testcases" time="0.000">
			<skipped message="Skipped"><![CDATA[    lifecycle_directives_test.go:39: Skip the test because the feature "lifecycle" is not included in the test-features flag "acm-controller,nomos-cli,override-api"]]></skipped>
		</testcase>
		<testcase name="TestPreventDeletionRole" classname="kpt.dev/configsync/e2e/testcases" time="0.000">
			<skipped message="Skipped"><![CDATA[    lifecycle_directives_test.go:124: Skip the test because the feature "lifecycle" is not included in the test-features flag "acm-controller,nomos-cli,override-api"]]></skipped>
		</testcase>
		<testcase name="TestPreventDeletionClusterRole" classname="kpt.dev/configsync/e2e/testcases" time="0.000">
			<skipped message="Skipped"><![CDATA[    lifecycle_directives_test.go:189: Skip the test because the feature "lifecycle" is not included in the test-features flag "acm-controller,nomos-cli,override-api"]]></skipped>
		</testcase>
		<testcase name="TestPreventDeletionSpecialNamespaces" classname="kpt.dev/configsync/e2e/testcases" time="0.000">
			<skipped message="Skipped"><![CDATA[    lifecycle_directives_test.go:257: Skip the test because the feature "lifecycle" is not included in the test-features flag "acm-controller,nomos-cli,override-api"]]></skipped>
		</testcase>
		<testcase name="TestLocalConfig" classname="kpt.dev/configsync/e2e/testcases" time="0.000">
			<skipped message="Skipped"><![CDATA[    local_config_test.go:33: Skip the test because the feature "lifecycle" is not included in the test-features flag "acm-controller,nomos-cli,override-api"]]></skipped>
		</testcase>
		<testcase name="TestLocalConfigWithManagementDisabled" classname="kpt.dev/configsync/e2e/testcases" time="0.000">
			<skipped message="Skipped"><![CDATA[    local_config_test.go:79: Skip the test because the feature "lifecycle" is not included in the test-features flag "acm-controller,nomos-cli,override-api"]]></skipped>
		</testcase>
		<testcase name="TestKubectlCreatesManagedNamespaceResourceMultiRepo" classname="kpt.dev/configsync/e2e/testcases" time="0.000">
			<skipped message="Skipped"><![CDATA[    managed_resources_test.go:61: Skip the test because the feature "drift-control" is not included in the test-features flag "acm-controller,nomos-cli,override-api"]]></skipped>
		</testcase>
		<testcase name="TestKubectlCreatesManagedConfigMapResource" classname="kpt.dev/configsync/e2e/testcases" time="0.000">
			<skipped message="Skipped"><![CDATA[    managed_resources_test.go:190: Skip the test because the feature "drift-control" is not included in the test-features flag "acm-controller,nomos-cli,override-api"]]></skipped>
		</testcase>
		<testcase name="TestDeleteManagedResources" classname="kpt.dev/configsync/e2e/testcases" time="0.000">
			<skipped message="Skipped"><![CDATA[    managed_resources_test.go:368: Skip the test because the feature "drift-control" is not included in the test-features flag "acm-controller,nomos-cli,override-api"]]></skipped>
		</testcase>
		<testcase name="TestDeleteManagedResourcesWithIgnoreMutationAnnotation" classname="kpt.dev/configsync/e2e/testcases" time="0.000">
			<skipped message="Skipped"><![CDATA[    managed_resources_test.go:428: Skip the test because the feature "drift-control" is not included in the test-features flag "acm-controller,nomos-cli,override-api"]]></skipped>
		</testcase>
		<testcase name="TestAddFieldsIntoManagedResources" classname="kpt.dev/configsync/e2e/testcases" time="0.000">
			<skipped message="Skipped"><![CDATA[    managed_resources_test.go:487: Skip the test because the feature "drift-control" is not included in the test-features flag "acm-controller,nomos-cli,override-api"]]></skipped>
		</testcase>
		<testcase name="TestAddFieldsIntoManagedResourcesWithIgnoreMutationAnnotation" classname="kpt.dev/configsync/e2e/testcases" time="0.000">
			<skipped message="Skipped"><![CDATA[    managed_resources_test.go:540: Skip the test because the feature "drift-control" is not included in the test-features flag "acm-controller,nomos-cli,override-api"]]></skipped>
		</testcase>
		<testcase name="TestModifyManagedFields" classname="kpt.dev/configsync/e2e/testcases" time="0.000">
			<skipped message="Skipped"><![CDATA[    managed_resources_test.go:564: Skip the test because the feature "drift-control" is not included in the test-features flag "acm-controller,nomos-cli,override-api"]]></skipped>
		</testcase>
		<testcase name="TestModifyManagedFieldsWithIgnoreMutationAnnotation" classname="kpt.dev/configsync/e2e/testcases" time="0.000">
			<skipped message="Skipped"><![CDATA[    managed_resources_test.go:620: Skip the test because the feature "drift-control" is not included in the test-features flag "acm-controller,nomos-cli,override-api"]]></skipped>
		</testcase>
		<testcase name="TestDeleteManagedFields" classname="kpt.dev/configsync/e2e/testcases" time="0.000">
			<skipped message="Skipped"><![CDATA[    managed_resources_test.go:664: Skip the test because the feature "drift-control" is not included in the test-features flag "acm-controller,nomos-cli,override-api"]]></skipped>
		</testcase>
		<testcase name="TestDeleteManagedFieldsWithIgnoreMutationAnnotation" classname="kpt.dev/configsync/e2e/testcases" time="0.000">
			<skipped message="Skipped"><![CDATA[    managed_resources_test.go:718: Skip the test because the feature "drift-control" is not included in the test-features flag "acm-controller,nomos-cli,override-api"]]></skipped>
		</testcase>
		<testcase name="TestMultiSyncs_Unstructured_MixedControl" classname="kpt.dev/configsync/e2e/testcases" time="0.000">
			<skipped message="Skipped"><![CDATA[    multi_sync_test.go:77: Skip the test because the feature "multi-repos" is not included in the test-features flag "acm-controller,nomos-cli,override-api"]]></skipped>
		</testcase>
		<testcase name="TestConflictingDefinitions_RootToNamespace" classname="kpt.dev/configsync/e2e/testcases" time="0.000">
			<skipped message="Skipped"><![CDATA[    multi_sync_test.go:206: Skip the test because the feature "multi-repos" is not included in the test-features flag "acm-controller,nomos-cli,override-api"]]></skipped>
		</testcase>
		<testcase name="TestConflictingDefinitions_NamespaceToRoot" classname="kpt.dev/configsync/e2e/testcases" time="0.000">
			<skipped message="Skipped"><![CDATA[    multi_sync_test.go:298: Skip the test because the feature "multi-repos" is not included in the test-features flag "acm-controller,nomos-cli,override-api"]]></skipped>
		</testcase>
		<testcase name="TestConflictingDefinitions_RootToRoot" classname="kpt.dev/configsync/e2e/testcases" time="0.000">
			<skipped message="Skipped"><![CDATA[    multi_sync_test.go:397: Skip the test because the feature "multi-repos" is not included in the test-features flag "acm-controller,nomos-cli,override-api"]]></skipped>
		</testcase>
		<testcase name="TestConflictingDefinitions_NamespaceToNamespace" classname="kpt.dev/configsync/e2e/testcases" time="0.000">
			<skipped message="Skipped"><![CDATA[    multi_sync_test.go:502: Skip the test because the feature "multi-repos" is not included in the test-features flag "acm-controller,nomos-cli,override-api"]]></skipped>
		</testcase>
		<testcase name="TestControllerValidationErrors" classname="kpt.dev/configsync/e2e/testcases" time="0.000">
			<skipped message="Skipped"><![CDATA[    multi_sync_test.go:604: Skip the test because the feature "multi-repos" is not included in the test-features flag "acm-controller,nomos-cli,override-api"]]></skipped>
		</testcase>
		<testcase name="TestMultipleVersions_CustomResourceV1Beta1" classname="kpt.dev/configsync/e2e/testcases" time="0.000">
			<skipped message="Skipped"><![CDATA[    multiversion_test.go:38: Skip the test because the feature "reconciliation-1" is not included in the test-features flag "acm-controller,nomos-cli,override-api"]]></skipped>
		</testcase>
		<testcase name="TestMultipleVersions_CustomResourceV1" classname="kpt.dev/configsync/e2e/testcases" time="0.000">
			<skipped message="Skipped"><![CDATA[    multiversion_test.go:172: Skip the test because the feature "reconciliation-1" is not included in the test-features flag "acm-controller,nomos-cli,override-api"]]></skipped>
		</testcase>
		<testcase name="TestMultipleVersions_RoleBinding" classname="kpt.dev/configsync/e2e/testcases" time="0.000">
			<skipped message="Skipped"><![CDATA[    multiversion_test.go:298: Skip the test because the feature "reconciliation-1" is not included in the test-features flag "acm-controller,nomos-cli,override-api"]]></skipped>
		</testcase>
		<testcase name="TestNamespaceRepo_Centralized" classname="kpt.dev/configsync/e2e/testcases" time="0.000">
			<skipped message="Skipped"><![CDATA[    namespace_repo_test.go:42: Skip the test because the feature "multi-repos" is not included in the test-features flag "acm-controller,nomos-cli,override-api"]]></skipped>
		</testcase>
		<testcase name="TestNamespaceRepo_Delegated" classname="kpt.dev/configsync/e2e/testcases" time="0.000">
			<skipped message="Skipped"><![CDATA[    namespace_repo_test.go:133: Skip the test because the feature "multi-repos" is not included in the test-features flag "acm-controller,nomos-cli,override-api"]]></skipped>
		</testcase>
		<testcase name="TestDeleteRepoSync_Delegated_AndRepoSyncV1Alpha1" classname="kpt.dev/configsync/e2e/testcases" time="0.000">
			<skipped message="Skipped"><![CDATA[    namespace_repo_test.go:182: Skip the test because the feature "multi-repos" is not included in the test-features flag "acm-controller,nomos-cli,override-api"]]></skipped>
		</testcase>
		<testcase name="TestDeleteRepoSync_Centralized_AndRepoSyncV1Alpha1" classname="kpt.dev/configsync/e2e/testcases" time="0.000">
			<skipped message="Skipped"><![CDATA[    namespace_repo_test.go:215: Skip the test because the feature "multi-repos" is not included in the test-features flag "acm-controller,nomos-cli,override-api"]]></skipped>
		</testcase>
		<testcase name="TestDeleteNamespaceReconcilerDeployment" classname="kpt.dev/configsync/e2e/testcases" time="0.000">
			<skipped message="Skipped"><![CDATA[    namespace_repo_test.go:351: Skip the test because the feature "multi-repos" is not included in the test-features flag "acm-controller,nomos-cli,override-api"]]></skipped>
		</testcase>
		<testcase name="TestDeclareNamespace" classname="kpt.dev/configsync/e2e/testcases" time="0.000">
			<skipped message="Skipped"><![CDATA[    namespaces_test.go:42: Skip the test because the feature "reconciliation-2" is not included in the test-features flag "acm-controller,nomos-cli,override-api"]]></skipped>
		</testcase>
		<testcase name="TestNamespaceLabelAndAnnotationLifecycle" classname="kpt.dev/configsync/e2e/testcases" time="0.000">
			<skipped message="Skipped"><![CDATA[    namespaces_test.go:77: Skip the test because the feature "reconciliation-2" is not included in the test-features flag "acm-controller,nomos-cli,override-api"]]></skipped>
		</testcase>
		<testcase name="TestNamespaceExistsAndDeclared" classname="kpt.dev/configsync/e2e/testcases" time="0.000">
			<skipped message="Skipped"><![CDATA[    namespaces_test.go:188: Skip the test because the feature "reconciliation-2" is not included in the test-features flag "acm-controller,nomos-cli,override-api"]]></skipped>
		</testcase>
		<testcase name="TestNamespaceEnabledAnnotationNotDeclared" classname="kpt.dev/configsync/e2e/testcases" time="0.000">
			<skipped message="Skipped"><![CDATA[    namespaces_test.go:220: Skip the test because the feature "reconciliation-2" is not included in the test-features flag "acm-controller,nomos-cli,override-api"]]></skipped>
		</testcase>
		<testcase name="TestManagementDisabledNamespace" classname="kpt.dev/configsync/e2e/testcases" time="0.000">
			<skipped message="Skipped"><![CDATA[    namespaces_test.go:254: Skip the test because the feature "reconciliation-2" is not included in the test-features flag "acm-controller,nomos-cli,override-api"]]></skipped>
		</testcase>
		<testcase name="TestManagementDisabledConfigMap" classname="kpt.dev/configsync/e2e/testcases" time="0.000">
			<skipped message="Skipped"><![CDATA[    namespaces_test.go:366: Skip the test because the feature "reconciliation-2" is not included in the test-features flag "acm-controller,nomos-cli,override-api"]]></skipped>
		</testcase>
		<testcase name="TestSyncLabelsAndAnnotationsOnKubeSystem" classname="kpt.dev/configsync/e2e/testcases" time="0.000">
			<skipped message="Skipped"><![CDATA[    namespaces_test.go:476: Skip the test because the feature "reconciliation-2" is not included in the test-features flag "acm-controller,nomos-cli,override-api"]]></skipped>
		</testcase>
		<testcase name="TestDoNotRemoveManagedByLabelExceptForConfigManagement" classname="kpt.dev/configsync/e2e/testcases" time="0.000">
			<skipped message="Skipped"><![CDATA[    namespaces_test.go:565: Skip the test because the feature "reconciliation-2" is not included in the test-features flag "acm-controller,nomos-cli,override-api"]]></skipped>
		</testcase>
		<testcase name="TestDeclareImplicitNamespace" classname="kpt.dev/configsync/e2e/testcases" time="0.000">
			<skipped message="Skipped"><![CDATA[    namespaces_test.go:600: Skip the test because the feature "reconciliation-2" is not included in the test-features flag "acm-controller,nomos-cli,override-api"]]></skipped>
		</testcase>
		<testcase name="TestDontDeleteAllNamespaces" classname="kpt.dev/configsync/e2e/testcases" time="0.000">
			<skipped message="Skipped"><![CDATA[    namespaces_test.go:671: Skip the test because the feature "reconciliation-2" is not included in the test-features flag "acm-controller,nomos-cli,override-api"]]></skipped>
		</testcase>
		<testcase name="TestNoSSLVerifyV1Alpha1" classname="kpt.dev/configsync/e2e/testcases" time="259.910"></testcase>
		<testcase name="TestNoSSLVerifyV1Beta1" classname="kpt.dev/configsync/e2e/testcases" time="262.130"></testcase>
		<testcase name="TestPublicOCI" classname="kpt.dev/configsync/e2e/testcases" time="0.000">
			<skipped message="Skipped"><![CDATA[    oci_sync_test.go:75: Skip the test because the feature "sync-source" is not included in the test-features flag "acm-controller,nomos-cli,override-api"]]></skipped>
		</testcase>
		<testcase name="TestGCENodeOCI" classname="kpt.dev/configsync/e2e/testcases" time="0.000">
			<skipped message="Skipped"><![CDATA[    oci_sync_test.go:106: Skip the test because the feature "sync-source" is not included in the test-features flag "acm-controller,nomos-cli,override-api"]]></skipped>
		</testcase>
		<testcase name="TestOCIARGKEWorkloadIdentity" classname="kpt.dev/configsync/e2e/testcases" time="0.000">
			<skipped message="Skipped"><![CDATA[    csr_auth_test.go:229: Skip the test because the feature "workload-identity" is not included in the test-features flag "acm-controller,nomos-cli,override-api"]]></skipped>
		</testcase>
		<testcase name="TestOCIGCRGKEWorkloadIdentity" classname="kpt.dev/configsync/e2e/testcases" time="0.000">
			<skipped message="Skipped"><![CDATA[    csr_auth_test.go:229: Skip the test because the feature "workload-identity" is not included in the test-features flag "acm-controller,nomos-cli,override-api"]]></skipped>
		</testcase>
		<testcase name="TestOCIARFleetWISameProject" classname="kpt.dev/configsync/e2e/testcases" time="0.000">
			<skipped message="Skipped"><![CDATA[    csr_auth_test.go:229: Skip the test because the feature "workload-identity" is not included in the test-features flag "acm-controller,nomos-cli,override-api"]]></skipped>
		</testcase>
		<testcase name="TestOCIGCRFleetWISameProject" classname="kpt.dev/configsync/e2e/testcases" time="0.000">
			<skipped message="Skipped"><![CDATA[    csr_auth_test.go:229: Skip the test because the feature "workload-identity" is not included in the test-features flag "acm-controller,nomos-cli,override-api"]]></skipped>
		</testcase>
		<testcase name="TestOCIARFleetWIDifferentProject" classname="kpt.dev/configsync/e2e/testcases" time="0.000">
			<skipped message="Skipped"><![CDATA[    csr_auth_test.go:229: Skip the test because the feature "workload-identity" is not included in the test-features flag "acm-controller,nomos-cli,override-api"]]></skipped>
		</testcase>
		<testcase name="TestOCIGCRFleetWIDifferentProject" classname="kpt.dev/configsync/e2e/testcases" time="0.000">
			<skipped message="Skipped"><![CDATA[    csr_auth_test.go:229: Skip the test because the feature "workload-identity" is not included in the test-features flag "acm-controller,nomos-cli,override-api"]]></skipped>
		</testcase>
		<testcase name="TestSwitchFromGitToOci" classname="kpt.dev/configsync/e2e/testcases" time="0.000">
			<skipped message="Skipped"><![CDATA[    oci_sync_test.go:286: Skip the test because the feature "sync-source" is not included in the test-features flag "acm-controller,nomos-cli,override-api"]]></skipped>
		</testcase>
		<testcase name="TestOverrideGitSyncDepthV1Alpha1" classname="kpt.dev/configsync/e2e/testcases" time="297.140"></testcase>
		<testcase name="TestOverrideGitSyncDepthV1Beta1" classname="kpt.dev/configsync/e2e/testcases" time="308.040"></testcase>
		<testcase name="TestOverrideReconcileTimeout" classname="kpt.dev/configsync/e2e/testcases" time="259.620"></testcase>
		<testcase name="TestOverrideReconcilerResourcesV1Alpha1" classname="kpt.dev/configsync/e2e/testcases" time="344.090"></testcase>
		<testcase name="TestOverrideReconcilerResourcesV1Beta1" classname="kpt.dev/configsync/e2e/testcases" time="354.670"></testcase>
		<testcase name="TestMissingRepoErrorWithHierarchicalFormat" classname="kpt.dev/configsync/e2e/testcases" time="0.000">
			<skipped message="Skipped"><![CDATA[    policy_dir_test.go:29: Skip the test because the feature "sync-source" is not included in the test-features flag "acm-controller,nomos-cli,override-api"]]></skipped>
		</testcase>
		<testcase name="TestPolicyDirUnset" classname="kpt.dev/configsync/e2e/testcases" time="0.000">
			<skipped message="Skipped"><![CDATA[    policy_dir_test.go:37: Skip the test because the feature "sync-source" is not included in the test-features flag "acm-controller,nomos-cli,override-api"]]></skipped>
		</testcase>
		<testcase name="TestInvalidPolicyDir" classname="kpt.dev/configsync/e2e/testcases" time="0.000">
			<skipped message="Skipped"><![CDATA[    policy_dir_test.go:59: Skip the test because the feature "sync-source" is not included in the test-features flag "acm-controller,nomos-cli,override-api"]]></skipped>
		</testcase>
		<testcase name="TestPreserveGeneratedServiceFields" classname="kpt.dev/configsync/e2e/testcases" time="0.000">
			<skipped message="Skipped"><![CDATA[    preserve_fields_test.go:38: Skip the test because the feature "reconciliation-2" is not included in the test-features flag "acm-controller,nomos-cli,override-api"]]></skipped>
		</testcase>
		<testcase name="TestPreserveGeneratedClusterRoleFields" classname="kpt.dev/configsync/e2e/testcases" time="0.000">
			<skipped message="Skipped"><![CDATA[    preserve_fields_test.go:162: Skip the test because the feature "reconciliation-2" is not included in the test-features flag "acm-controller,nomos-cli,override-api"]]></skipped>
		</testcase>
		<testcase name="TestPreserveLastApplied" classname="kpt.dev/configsync/e2e/testcases" time="0.000">
			<skipped message="Skipped"><![CDATA[    preserve_fields_test.go:247: Skip the test because the feature "reconciliation-2" is not included in the test-features flag "acm-controller,nomos-cli,override-api"]]></skipped>
		</testcase>
		<testcase name="TestAddUpdateDeleteLabels" classname="kpt.dev/configsync/e2e/testcases" time="0.000">
			<skipped message="Skipped"><![CDATA[    preserve_fields_test.go:295: Skip the test because the feature "reconciliation-2" is not included in the test-features flag "acm-controller,nomos-cli,override-api"]]></skipped>
		</testcase>
		<testcase name="TestAddUpdateDeleteAnnotations" classname="kpt.dev/configsync/e2e/testcases" time="0.000">
			<skipped message="Skipped"><![CDATA[    preserve_fields_test.go:351: Skip the test because the feature "reconciliation-2" is not included in the test-features flag "acm-controller,nomos-cli,override-api"]]></skipped>
		</testcase>
		<testcase name="TestCACertSecretRefV1Alpha1" classname="kpt.dev/configsync/e2e/testcases" time="0.000">
			<skipped message="Skipped"><![CDATA[    private_cert_secret_test.go:59: Skip the test because the feature "sync-source" is not included in the test-features flag "acm-controller,nomos-cli,override-api"]]></skipped>
		</testcase>
		<testcase name="TestCACertSecretRefV1Beta1" classname="kpt.dev/configsync/e2e/testcases" time="0.000">
			<skipped message="Skipped"><![CDATA[    private_cert_secret_test.go:170: Skip the test because the feature "sync-source" is not included in the test-features flag "acm-controller,nomos-cli,override-api"]]></skipped>
		</testcase>
		<testcase name="TestCACertSecretWatch" classname="kpt.dev/configsync/e2e/testcases" time="0.000">
			<skipped message="Skipped"><![CDATA[    private_cert_secret_test.go:286: Skip the test because the feature "sync-source" is not included in the test-features flag "acm-controller,nomos-cli,override-api"]]></skipped>
		</testcase>
		<testcase name="TestSyncingThroughAProxy" classname="kpt.dev/configsync/e2e/testcases" time="0.000">
			<skipped message="Skipped"><![CDATA[    proxy_test.go:33: Skip the test because the feature "sync-source" is not included in the test-features flag "acm-controller,nomos-cli,override-api"]]></skipped>
		</testcase>
		<testcase name="TestManagingReconciler" classname="kpt.dev/configsync/e2e/testcases" time="91.810"></testcase>
		<testcase name="TestAutopilotReconcilerAdjustment" classname="kpt.dev/configsync/e2e/testcases" time="63.390"></testcase>
		<testcase name="TestResourceGroupController" classname="kpt.dev/configsync/e2e/testcases" time="111.230"></testcase>
		<testcase name="TestDeleteRootSyncAndRootSyncV1Alpha1" classname="kpt.dev/configsync/e2e/testcases" time="76.090"></testcase>
		<testcase name="TestUpdateRootSyncGitDirectory" classname="kpt.dev/configsync/e2e/testcases" time="0.000">
			<skipped message="Skipped"><![CDATA[    root_sync_test.go:90: Skip the test because the feature "sync-source" is not included in the test-features flag "acm-controller,nomos-cli,override-api"]]></skipped>
		</testcase>
		<testcase name="TestUpdateRootSyncGitBranch" classname="kpt.dev/configsync/e2e/testcases" time="0.000">
			<skipped message="Skipped"><![CDATA[    root_sync_test.go:185: Skip the test because the feature "sync-source" is not included in the test-features flag "acm-controller,nomos-cli,override-api"]]></skipped>
		</testcase>
		<testcase name="TestForceRevert" classname="kpt.dev/configsync/e2e/testcases" time="0.000">
			<skipped message="Skipped"><![CDATA[    root_sync_test.go:259: Skip the test because the feature "sync-source" is not included in the test-features flag "acm-controller,nomos-cli,override-api"]]></skipped>
		</testcase>
		<testcase name="TestRootSyncReconcilingStatus" classname="kpt.dev/configsync/e2e/testcases" time="86.530"></testcase>
		<testcase name="TestStatusEnabledAndDisabled" classname="kpt.dev/configsync/e2e/testcases" time="109.510"></testcase>
		<testcase name="TestStressCRD" classname="kpt.dev/configsync/e2e/testcases" time="0.000">
			<skipped message="Skipped"><![CDATA[    stress_test.go:60: Skip the test because the feature "reconciliation-1" is not included in the test-features flag "acm-controller,nomos-cli,override-api"]]></skipped>
		</testcase>
		<testcase name="TestStressLargeNamespace" classname="kpt.dev/configsync/e2e/testcases" time="0.000">
			<skipped message="Skipped"><![CDATA[    stress_test.go:129: Skip the test because the feature "reconciliation-1" is not included in the test-features flag "acm-controller,nomos-cli,override-api"]]></skipped>
		</testcase>
		<testcase name="TestStressFrequentGitCommits" classname="kpt.dev/configsync/e2e/testcases" time="0.000">
			<skipped message="Skipped"><![CDATA[    stress_test.go:164: Skip the test because the feature "reconciliation-1" is not included in the test-features flag "acm-controller,nomos-cli,override-api"]]></skipped>
		</testcase>
		<testcase name="TestStressLargeRequest" classname="kpt.dev/configsync/e2e/testcases" time="0.000">
			<skipped message="Skipped"><![CDATA[    stress_test.go:196: Skip the test because the feature "reconciliation-1" is not included in the test-features flag "acm-controller,nomos-cli,override-api"]]></skipped>
		</testcase>
		<testcase name="TestMultiDependencies" classname="kpt.dev/configsync/e2e/testcases" time="0.000">
			<skipped message="Skipped"><![CDATA[    sync_ordering_test.go:40: Skip the test because the feature "lifecycle" is not included in the test-features flag "acm-controller,nomos-cli,override-api"]]></skipped>
		</testcase>
		<testcase name="TestExternalDependencyError" classname="kpt.dev/configsync/e2e/testcases" time="0.000">
			<skipped message="Skipped"><![CDATA[    sync_ordering_test.go:315: Skip the test because the feature "lifecycle" is not included in the test-features flag "acm-controller,nomos-cli,override-api"]]></skipped>
		</testcase>
		<testcase name="TestDependencyWithReconciliation" classname="kpt.dev/configsync/e2e/testcases" time="0.000">
			<skipped message="Skipped"><![CDATA[    sync_ordering_test.go:409: Skip the test because the feature "lifecycle" is not included in the test-features flag "acm-controller,nomos-cli,override-api"]]></skipped>
		</testcase>
	</testsuite>
	<testsuite name="kpt.dev/configsync/e2e/testcases" tests="0" failures="0" errors="0" id="9" time="0">
		<testcase name="Failure" classname="kpt.dev/configsync/e2e/testcases" time="0"></testcase>
	</testsuite>
</testsuites>
